Turbo Assembler	 Version 3.1	    12/21/18 09:00:56	    Page 1
4task16.asm



      1	0000			     .MODEL TINY
      2	0000			     .STACK 100h
      3	0000			     .DATA
      4	0000  01 02 03 04 05 06	07	     num db 1,2,3,4,5,6,7
      5	0007  45 67 6F 72 24 41	6E+	     nam db "Egor$","Andrew$","John$","Sarah$","Bob$","Ivan$","Arny$"
      6	      64 72 65 77 24 4A	6F+
      7	      68 6E 24 53 61 72	61+
      8	      68 24 42 6F 62 24	49+
      9	      76 61 6E 24 41 72	6E+
     10	      79 24
     11	002C  04 03 04 05 02 05	05	     mark db 4,3,4,5,2,5,5
     12	0033  0007			     n dw 7
     13	0035  0000			     count dw 0
     14	0037			     .CODE
     15	0000  B8 0000s			     mov ax,@Data
     16	0003  8E D8			     mov ds,ax
     17
     18	0005  E8 0010			     call calc_count
     19	0008  FF 36 0035r	     OUTP:   push count
     20	000C  E8 001F			     call print_num
     21
     22	000F  B4 10			     MOV AH,10h
     23	0011  CD 16			     INT 16h
     24	0013  B8 4C00			     MOV AX,4C00h
     25	0016  CD 21			     INT 21h
     26
     27	0018			     calc_count	proc
     28	0018  8B 0E 0033r		     mov cx,n
     29	001C  33 DB			     xor bx,bx
     30	001E  8A 87 002Cr	     L:	     mov al,mark[bx]
     31	0022  3C 05			     cmp al,5
     32	0024  75 04			     jne LOSER
     33	0026  FF 06 0035r		     inc count
     34	002A  43		     LOSER:  inc bx
     35	002B  E2 F1			     loop L
     36	002D  C3			     ret
     37	002E			     calc_count	endp
     38
     39	002E			     print_num proc
     40	002E  53			     push bx
     41	002F  55			     push bp
     42	0030  8B EC			     mov bp,sp
     43	0032  8B 46 06			     MOV AX,[bp+6]
     44	0035  33 C9			     XOR CX,CX
     45	0037  41		     SAVE:   INC CX
     46	0038  B3 0A			     MOV BL,10
     47	003A  F6 F3			     DIV BL
     48	003C  80 C4 30			     ADD AH, '0'
     49	003F  50			     PUSH AX
     50	0040  32 E4			     XOR AH, AH
     51	0042  3D 0000			     CMP AX,0
     52	0045  75 F0			     JNE SAVE
     53
     54	0047  B8 0200			     MOV AX,0200h
     55	004A  5A		     PRINT:  POP dx
     56	004B  8A D6			     MOV dl,dh
     57	004D  CD 21			     INT 21h
Turbo Assembler	 Version 3.1	    12/21/18 09:00:56	    Page 2
4task16.asm



     58	004F  E2 F9			     LOOP PRINT
     59	0051  B2 20			     MOV dl," "
     60	0053  CD 21			     INT 21h
     61	0055  5D			     pop bp
     62	0056  5B			     pop bx
     63	0057  C3			     ret
     64	0058			     print_num endp
     65				     END
Turbo Assembler	 Version 3.1	    12/21/18 09:00:56	    Page 3
Symbol Table




Symbol Name			  Type	 Value

??DATE				  Text	 "12/21/18"
??FILENAME			  Text	 "4task16 "
??TIME				  Text	 "09:00:55"
??VERSION			  Number 030A
@32BIT				  Text	 0
@CODE				  Text	 DGROUP
@CODESIZE			  Text	 0
@CPU				  Text	 0101H
@CURSEG				  Text	 _TEXT
@DATA				  Text	 DGROUP
@DATASIZE			  Text	 0
@FILENAME			  Text	 4TASK16
@INTERFACE			  Text	 00H
@MODEL				  Text	 1
@STACK				  Text	 DGROUP
@WORDSIZE			  Text	 2
CALC_COUNT			  Near	 DGROUP:0018
COUNT				  Word	 DGROUP:0035
L				  Near	 DGROUP:001E
LOSER				  Near	 DGROUP:002A
MARK				  Byte	 DGROUP:002C
N				  Word	 DGROUP:0033
NAM				  Byte	 DGROUP:0007
NUM				  Byte	 DGROUP:0000
OUTP				  Near	 DGROUP:0008
PRINT				  Near	 DGROUP:004A
PRINT_NUM			  Near	 DGROUP:002E
SAVE				  Near	 DGROUP:0037

Groups & Segments		  Bit Size Align  Combine Class

DGROUP				  Group
  STACK				  16  0100 Para	  Stack	  STACK
  _DATA				  16  0037 Word	  Public  DATA
  _TEXT				  16  0058 Word	  Public  CODE
