Turbo Assembler	 Version 3.1	    12/20/18 22:22:55	    Page 1
2task16.asm



      1	0000			     .MODEL TINY
      2	0000			     .STACK 100h
      3	0000			     .DATA
      4	0000  0002			     a dw 2
      5	0002  0003			     b dw 3
      6	0004  0005			     c dw 5
      7	0006  79 65 73 24		     yes db "yes$"
      8	000A  6E 6F 24			     no	db "no$"
      9	000D			     .CODE
     10	0000  B8 0000s			     mov ax,@Data
     11	0003  8E D8			     mov ds,ax
     12
     13	0005  A1 0002r			     mov ax, b
     14	0008  03 06 0004r		     add ax, c
     15	000C  3B 06 0000r		     cmp ax, a
     16	0010  7E 29			     jle N
     17
     18	0012  A1 0000r			     mov ax, a
     19	0015  03 06 0004r		     add ax, c
     20	0019  3B 06 0002r		     cmp ax, b
     21	001D  7E 1C			     jle N
     22
     23	001F  A1 0000r			     mov ax, a
     24	0022  03 06 0002r		     add ax, b
     25	0026  3B 06 0004r		     cmp ax, c
     26	002A  7E 0F			     jle N
     27
     28	002C  BA 0006r		     Y:	     mov dx,offset yes
     29	002F  B4 09			     mov ah,9h
     30	0031  CD 21			     int 21h
     31	0033  B4 10			     mov ah,10h
     32	0035  CD 16			     int 16h
     33	0037  B4 4C			     mov ah,4ch
     34	0039  CD 21			     int 21h
     35
     36	003B  BA 000Ar		     N:	     mov dx,offset no
     37	003E  B4 09			     mov ah,9h
     38	0040  CD 21			     int 21h
     39	0042  B4 10			     mov ah,10h
     40	0044  CD 16			     int 16h
     41	0046  B4 4C			     mov ah,4ch
     42	0048  CD 21			     int 21h
     43				     END
Turbo Assembler	 Version 3.1	    12/20/18 22:22:55	    Page 2
Symbol Table




Symbol Name			  Type	 Value

??DATE				  Text	 "12/20/18"
??FILENAME			  Text	 "2task16 "
??TIME				  Text	 "22:22:54"
??VERSION			  Number 030A
@32BIT				  Text	 0
@CODE				  Text	 DGROUP
@CODESIZE			  Text	 0
@CPU				  Text	 0101H
@CURSEG				  Text	 _TEXT
@DATA				  Text	 DGROUP
@DATASIZE			  Text	 0
@FILENAME			  Text	 2TASK16
@INTERFACE			  Text	 00H
@MODEL				  Text	 1
@STACK				  Text	 DGROUP
@WORDSIZE			  Text	 2
A				  Word	 DGROUP:0000
B				  Word	 DGROUP:0002
C				  Word	 DGROUP:0004
N				  Near	 DGROUP:003B
NO				  Byte	 DGROUP:000A
Y				  Near	 DGROUP:002C
YES				  Byte	 DGROUP:0006

Groups & Segments		  Bit Size Align  Combine Class

DGROUP				  Group
  STACK				  16  0100 Para	  Stack	  STACK
  _DATA				  16  000D Word	  Public  DATA
  _TEXT				  16  004A Word	  Public  CODE
