Turbo Assembler	 Version 3.1	    12/20/18 22:43:25	    Page 1
3task1.asm



      1	0000			     .MODEL TINY
      2	0000			     .STACK 100h
      3	0000			     .DATA
      4	0000  30 30 30 30 30 31	31+	     arr db "0","0","0","0","0","1","1","1","1","1"
      5	      31 31 31
      6	000A  0005			     n dw 5
      7	000C			     .CODE
      8	0000  B8 0000s			     mov ax,@Data
      9	0003  8E D8			     mov ds,ax
     10
     11	0005  33 DB			     xor bx,bx
     12	0007  8B 0E 000Ar		     mov cx,n
     13	000B  B4 02			     mov ah,2
     14	000D  8A 97 0000r	     L:	     mov dl,arr[bx]
     15	0011  CD 21			     int 21h
     16	0013  03 1E 000Ar		     add bx,n
     17	0017  8A 97 0000r		     mov dl,arr[bx]
     18	001B  CD 21			     int 21h
     19	001D  2B 1E 000Ar		     sub bx,n
     20	0021  43			     inc bx
     21	0022  E2 E9			     loop L
     22
     23	0024  B4 10			     MOV AH,10h
     24	0026  CD 16			     INT 16h
     25	0028  B8 4C00			     MOV AX,4C00h
     26	002B  CD 21			     INT 21h
     27				     END
Turbo Assembler	 Version 3.1	    12/20/18 22:43:25	    Page 2
Symbol Table




Symbol Name			  Type	 Value

??DATE				  Text	 "12/20/18"
??FILENAME			  Text	 "3task1  "
??TIME				  Text	 "22:43:25"
??VERSION			  Number 030A
@32BIT				  Text	 0
@CODE				  Text	 DGROUP
@CODESIZE			  Text	 0
@CPU				  Text	 0101H
@CURSEG				  Text	 _TEXT
@DATA				  Text	 DGROUP
@DATASIZE			  Text	 0
@FILENAME			  Text	 3TASK1
@INTERFACE			  Text	 00H
@MODEL				  Text	 1
@STACK				  Text	 DGROUP
@WORDSIZE			  Text	 2
ARR				  Byte	 DGROUP:0000
L				  Near	 DGROUP:000D
N				  Word	 DGROUP:000A

Groups & Segments		  Bit Size Align  Combine Class

DGROUP				  Group
  STACK				  16  0100 Para	  Stack	  STACK
  _DATA				  16  000C Word	  Public  DATA
  _TEXT				  16  002D Word	  Public  CODE
